2015/06/14 16:50:27 [error] [exception.CException] exception 'CException' with message 'Property "SiteSettings.about_us" is not defined.' in /Library/WebServer/yii-master/framework/base/CComponent.php:130
Stack trace:
#0 /Library/WebServer/yii-master/framework/db/ar/CActiveRecord.php(145): CComponent->__get('about_us')
#1 /Library/WebServer/Documents/olive/protected/views/siteSettings/_view.php(17): CActiveRecord->__get('about_us')
#2 /Library/WebServer/yii-master/framework/web/CBaseController.php(130): require('/Library/WebSer...')
#3 /Library/WebServer/yii-master/framework/web/CBaseController.php(95): CBaseController->renderInternal('/Library/WebSer...', Array, false)
#4 /Library/WebServer/yii-master/framework/zii/widgets/CListView.php(291): CBaseController->renderFile('/Library/WebSer...', Array)
#5 /Library/WebServer/yii-master/framework/zii/widgets/CBaseListView.php(181): CListView->renderItems()
#6 [internal function]: CBaseListView->renderSection(Array)
#7 /Library/WebServer/yii-master/framework/zii/widgets/CBaseListView.php(164): preg_replace_callback('/{(\w+)}/', Array, '{summary}?{sort...')
#8 /Library/WebServer/yii-master/framework/zii/widgets/CBaseListView.php(149): CBaseListView->renderContent()
#9 /Library/WebServer/yii-master/framework/web/CBaseController.php(181): CBaseListView->run()
#10 /Library/WebServer/Documents/olive/protected/views/siteSettings/index.php(20): CBaseController->widget('zii.widgets.CLi...', Array)
#11 /Library/WebServer/yii-master/framework/web/CBaseController.php(126): require('/Library/WebSer...')
#12 /Library/WebServer/yii-master/framework/web/CBaseController.php(95): CBaseController->renderInternal('/Library/WebSer...', Array, true)
#13 /Library/WebServer/yii-master/framework/web/CController.php(869): CBaseController->renderFile('/Library/WebSer...', Array, true)
#14 /Library/WebServer/yii-master/framework/web/CController.php(782): CController->renderPartial('index', Array, true)
#15 /Library/WebServer/Documents/olive/protected/controllers/SiteSettingsController.php(128): CController->render('index', Array)
#16 /Library/WebServer/yii-master/framework/web/actions/CInlineAction.php(49): SiteSettingsController->actionIndex()
#17 /Library/WebServer/yii-master/framework/web/CController.php(308): CInlineAction->runWithParams(Array)
#18 /Library/WebServer/yii-master/framework/web/filters/CFilterChain.php(133): CController->runAction(Object(CInlineAction))
#19 /Library/WebServer/yii-master/framework/web/filters/CFilter.php(40): CFilterChain->run()
#20 /Library/WebServer/yii-master/framework/web/CController.php(1145): CFilter->filter(Object(CFilterChain))
#21 /Library/WebServer/yii-master/framework/web/filters/CInlineFilter.php(58): CController->filterAccessControl(Object(CFilterChain))
#22 /Library/WebServer/yii-master/framework/web/filters/CFilterChain.php(130): CInlineFilter->filter(Object(CFilterChain))
#23 /Library/WebServer/yii-master/framework/web/CController.php(291): CFilterChain->run()
#24 /Library/WebServer/yii-master/framework/web/CController.php(265): CController->runActionWithFilters(Object(CInlineAction), Array)
#25 /Library/WebServer/yii-master/framework/web/CWebApplication.php(282): CController->run('')
#26 /Library/WebServer/yii-master/framework/web/CWebApplication.php(141): CWebApplication->runController('siteSettings')
#27 /Library/WebServer/yii-master/framework/base/CApplication.php(184): CWebApplication->processRequest()
#28 /Library/WebServer/Documents/olive/index.php(13): CApplication->run()
#29 {main}
REQUEST_URI=/olive/index.php?r=siteSettings
HTTP_REFERER=http://localhost/olive/index.php?r=users
---
2015/06/14 16:50:36 [error] [exception.CException] exception 'CException' with message 'Property "SiteSettings.about_us" is not defined.' in /Library/WebServer/yii-master/framework/base/CComponent.php:130
Stack trace:
#0 /Library/WebServer/yii-master/framework/db/ar/CActiveRecord.php(145): CComponent->__get('about_us')
#1 /Library/WebServer/Documents/olive/protected/views/siteSettings/_view.php(17): CActiveRecord->__get('about_us')
#2 /Library/WebServer/yii-master/framework/web/CBaseController.php(130): require('/Library/WebSer...')
#3 /Library/WebServer/yii-master/framework/web/CBaseController.php(95): CBaseController->renderInternal('/Library/WebSer...', Array, false)
#4 /Library/WebServer/yii-master/framework/zii/widgets/CListView.php(291): CBaseController->renderFile('/Library/WebSer...', Array)
#5 /Library/WebServer/yii-master/framework/zii/widgets/CBaseListView.php(181): CListView->renderItems()
#6 [internal function]: CBaseListView->renderSection(Array)
#7 /Library/WebServer/yii-master/framework/zii/widgets/CBaseListView.php(164): preg_replace_callback('/{(\w+)}/', Array, '{summary}?{sort...')
#8 /Library/WebServer/yii-master/framework/zii/widgets/CBaseListView.php(149): CBaseListView->renderContent()
#9 /Library/WebServer/yii-master/framework/web/CBaseController.php(181): CBaseListView->run()
#10 /Library/WebServer/Documents/olive/protected/views/siteSettings/index.php(20): CBaseController->widget('zii.widgets.CLi...', Array)
#11 /Library/WebServer/yii-master/framework/web/CBaseController.php(126): require('/Library/WebSer...')
#12 /Library/WebServer/yii-master/framework/web/CBaseController.php(95): CBaseController->renderInternal('/Library/WebSer...', Array, true)
#13 /Library/WebServer/yii-master/framework/web/CController.php(869): CBaseController->renderFile('/Library/WebSer...', Array, true)
#14 /Library/WebServer/yii-master/framework/web/CController.php(782): CController->renderPartial('index', Array, true)
#15 /Library/WebServer/Documents/olive/protected/controllers/SiteSettingsController.php(128): CController->render('index', Array)
#16 /Library/WebServer/yii-master/framework/web/actions/CInlineAction.php(49): SiteSettingsController->actionIndex()
#17 /Library/WebServer/yii-master/framework/web/CController.php(308): CInlineAction->runWithParams(Array)
#18 /Library/WebServer/yii-master/framework/web/filters/CFilterChain.php(133): CController->runAction(Object(CInlineAction))
#19 /Library/WebServer/yii-master/framework/web/filters/CFilter.php(40): CFilterChain->run()
#20 /Library/WebServer/yii-master/framework/web/CController.php(1145): CFilter->filter(Object(CFilterChain))
#21 /Library/WebServer/yii-master/framework/web/filters/CInlineFilter.php(58): CController->filterAccessControl(Object(CFilterChain))
#22 /Library/WebServer/yii-master/framework/web/filters/CFilterChain.php(130): CInlineFilter->filter(Object(CFilterChain))
#23 /Library/WebServer/yii-master/framework/web/CController.php(291): CFilterChain->run()
#24 /Library/WebServer/yii-master/framework/web/CController.php(265): CController->runActionWithFilters(Object(CInlineAction), Array)
#25 /Library/WebServer/yii-master/framework/web/CWebApplication.php(282): CController->run('')
#26 /Library/WebServer/yii-master/framework/web/CWebApplication.php(141): CWebApplication->runController('siteSettings')
#27 /Library/WebServer/yii-master/framework/base/CApplication.php(184): CWebApplication->processRequest()
#28 /Library/WebServer/Documents/olive/index.php(13): CApplication->run()
#29 {main}
REQUEST_URI=/olive/index.php?r=siteSettings
HTTP_REFERER=http://localhost/olive/index.php?r=users
---
2015/06/14 16:53:42 [error] [exception.CException] exception 'CException' with message 'Property "SiteSettings.about_us" is not defined.' in /Library/WebServer/yii-master/framework/base/CComponent.php:130
Stack trace:
#0 /Library/WebServer/yii-master/framework/db/ar/CActiveRecord.php(145): CComponent->__get('about_us')
#1 /Library/WebServer/Documents/olive/protected/views/siteSettings/_view.php(17): CActiveRecord->__get('about_us')
#2 /Library/WebServer/yii-master/framework/web/CBaseController.php(130): require('/Library/WebSer...')
#3 /Library/WebServer/yii-master/framework/web/CBaseController.php(95): CBaseController->renderInternal('/Library/WebSer...', Array, false)
#4 /Library/WebServer/yii-master/framework/zii/widgets/CListView.php(291): CBaseController->renderFile('/Library/WebSer...', Array)
#5 /Library/WebServer/yii-master/framework/zii/widgets/CBaseListView.php(181): CListView->renderItems()
#6 [internal function]: CBaseListView->renderSection(Array)
#7 /Library/WebServer/yii-master/framework/zii/widgets/CBaseListView.php(164): preg_replace_callback('/{(\w+)}/', Array, '{summary}?{sort...')
#8 /Library/WebServer/yii-master/framework/zii/widgets/CBaseListView.php(149): CBaseListView->renderContent()
#9 /Library/WebServer/yii-master/framework/web/CBaseController.php(181): CBaseListView->run()
#10 /Library/WebServer/Documents/olive/protected/views/siteSettings/index.php(20): CBaseController->widget('zii.widgets.CLi...', Array)
#11 /Library/WebServer/yii-master/framework/web/CBaseController.php(126): require('/Library/WebSer...')
#12 /Library/WebServer/yii-master/framework/web/CBaseController.php(95): CBaseController->renderInternal('/Library/WebSer...', Array, true)
#13 /Library/WebServer/yii-master/framework/web/CController.php(869): CBaseController->renderFile('/Library/WebSer...', Array, true)
#14 /Library/WebServer/yii-master/framework/web/CController.php(782): CController->renderPartial('index', Array, true)
#15 /Library/WebServer/Documents/olive/protected/controllers/SiteSettingsController.php(128): CController->render('index', Array)
#16 /Library/WebServer/yii-master/framework/web/actions/CInlineAction.php(49): SiteSettingsController->actionIndex()
#17 /Library/WebServer/yii-master/framework/web/CController.php(308): CInlineAction->runWithParams(Array)
#18 /Library/WebServer/yii-master/framework/web/filters/CFilterChain.php(133): CController->runAction(Object(CInlineAction))
#19 /Library/WebServer/yii-master/framework/web/filters/CFilter.php(40): CFilterChain->run()
#20 /Library/WebServer/yii-master/framework/web/CController.php(1145): CFilter->filter(Object(CFilterChain))
#21 /Library/WebServer/yii-master/framework/web/filters/CInlineFilter.php(58): CController->filterAccessControl(Object(CFilterChain))
#22 /Library/WebServer/yii-master/framework/web/filters/CFilterChain.php(130): CInlineFilter->filter(Object(CFilterChain))
#23 /Library/WebServer/yii-master/framework/web/CController.php(291): CFilterChain->run()
#24 /Library/WebServer/yii-master/framework/web/CController.php(265): CController->runActionWithFilters(Object(CInlineAction), Array)
#25 /Library/WebServer/yii-master/framework/web/CWebApplication.php(282): CController->run('')
#26 /Library/WebServer/yii-master/framework/web/CWebApplication.php(141): CWebApplication->runController('siteSettings')
#27 /Library/WebServer/yii-master/framework/base/CApplication.php(184): CWebApplication->processRequest()
#28 /Library/WebServer/Documents/olive/index.php(13): CApplication->run()
#29 {main}
REQUEST_URI=/olive/index.php?r=siteSettings
HTTP_REFERER=http://localhost/olive/index.php?r=articles/admin
---
2015/06/14 17:01:53 [error] [exception.CException] exception 'CException' with message 'Property "CNumberValidator.setOnEmpty" is not defined.' in /Library/WebServer/yii-master/framework/base/CComponent.php:173
Stack trace:
#0 /Library/WebServer/yii-master/framework/validators/CValidator.php(177): CComponent->__set('setOnEmpty', true)
#1 /Library/WebServer/yii-master/framework/base/CModel.php(287): CValidator::createValidator('numerical', Object(PublicationSeries), 'id', Array)
#2 /Library/WebServer/yii-master/framework/base/CModel.php(260): CModel->createValidators()
#3 /Library/WebServer/yii-master/framework/web/helpers/CHtml.php(2436): CModel->getValidators('id')
#4 /Library/WebServer/yii-master/framework/web/helpers/CHtml.php(1534): CHtml::activeInputField('text', Object(PublicationSeries), 'id', Array)
#5 /Library/WebServer/yii-master/framework/web/widgets/CActiveForm.php(792): CHtml::activeTextField(Object(PublicationSeries), 'id', Array)
#6 /Library/WebServer/Documents/olive/protected/views/publicationSeries/_search.php(16): CActiveForm->textField(Object(PublicationSeries), 'id')
#7 /Library/WebServer/yii-master/framework/web/CBaseController.php(126): require('/Library/WebSer...')
#8 /Library/WebServer/yii-master/framework/web/CBaseController.php(95): CBaseController->renderInternal('/Library/WebSer...', Array, true)
#9 /Library/WebServer/yii-master/framework/web/CController.php(869): CBaseController->renderFile('/Library/WebSer...', Array, true)
#10 /Library/WebServer/Documents/olive/protected/views/publicationSeries/admin.php(40): CController->renderPartial('_search', Array)
#11 /Library/WebServer/yii-master/framework/web/CBaseController.php(126): require('/Library/WebSer...')
#12 /Library/WebServer/yii-master/framework/web/CBaseController.php(95): CBaseController->renderInternal('/Library/WebSer...', Array, true)
#13 /Library/WebServer/yii-master/framework/web/CController.php(869): CBaseController->renderFile('/Library/WebSer...', Array, true)
#14 /Library/WebServer/yii-master/framework/web/CController.php(782): CController->renderPartial('admin', Array, true)
#15 /Library/WebServer/Documents/olive/protected/controllers/PublicationSeriesController.php(143): CController->render('admin', Array)
#16 /Library/WebServer/yii-master/framework/web/actions/CInlineAction.php(49): PublicationSeriesController->actionAdmin()
#17 /Library/WebServer/yii-master/framework/web/CController.php(308): CInlineAction->runWithParams(Array)
#18 /Library/WebServer/yii-master/framework/web/filters/CFilterChain.php(133): CController->runAction(Object(CInlineAction))
#19 /Library/WebServer/yii-master/framework/web/filters/CFilter.php(40): CFilterChain->run()
#20 /Library/WebServer/yii-master/framework/web/CController.php(1145): CFilter->filter(Object(CFilterChain))
#21 /Library/WebServer/yii-master/framework/web/filters/CInlineFilter.php(58): CController->filterAccessControl(Object(CFilterChain))
#22 /Library/WebServer/yii-master/framework/web/filters/CFilterChain.php(130): CInlineFilter->filter(Object(CFilterChain))
#23 /Library/WebServer/yii-master/framework/web/CController.php(291): CFilterChain->run()
#24 /Library/WebServer/yii-master/framework/web/CController.php(265): CController->runActionWithFilters(Object(CInlineAction), Array)
#25 /Library/WebServer/yii-master/framework/web/CWebApplication.php(282): CController->run('admin')
#26 /Library/WebServer/yii-master/framework/web/CWebApplication.php(141): CWebApplication->runController('publicationSeri...')
#27 /Library/WebServer/yii-master/framework/base/CApplication.php(184): CWebApplication->processRequest()
#28 /Library/WebServer/Documents/olive/index.php(13): CApplication->run()
#29 {main}
REQUEST_URI=/olive/index.php?r=publicationSeries/admin
HTTP_REFERER=http://localhost/olive/index.php?r=publicationSeries
---
2015/06/14 17:02:07 [error] [exception.CException] exception 'CException' with message 'Property "CNumberValidator.setOnEmpty" is not defined.' in /Library/WebServer/yii-master/framework/base/CComponent.php:173
Stack trace:
#0 /Library/WebServer/yii-master/framework/validators/CValidator.php(177): CComponent->__set('setOnEmpty', true)
#1 /Library/WebServer/yii-master/framework/base/CModel.php(287): CValidator::createValidator('numerical', Object(PublicationSeries), 'id', Array)
#2 /Library/WebServer/yii-master/framework/base/CModel.php(260): CModel->createValidators()
#3 /Library/WebServer/yii-master/framework/base/CModel.php(304): CModel->getValidators('id')
#4 /Library/WebServer/yii-master/framework/web/helpers/CHtml.php(1514): CModel->isAttributeRequired('id')
#5 /Library/WebServer/yii-master/framework/web/widgets/CActiveForm.php(600): CHtml::activeLabelEx(Object(PublicationSeries), 'id', Array)
#6 /Library/WebServer/Documents/olive/protected/views/publicationSeries/_form.php(23): CActiveForm->labelEx(Object(PublicationSeries), 'id')
#7 /Library/WebServer/yii-master/framework/web/CBaseController.php(126): require('/Library/WebSer...')
#8 /Library/WebServer/yii-master/framework/web/CBaseController.php(95): CBaseController->renderInternal('/Library/WebSer...', Array, true)
#9 /Library/WebServer/yii-master/framework/web/CController.php(869): CBaseController->renderFile('/Library/WebSer...', Array, true)
#10 /Library/WebServer/Documents/olive/protected/views/publicationSeries/create.php(18): CController->renderPartial('_form', Array)
#11 /Library/WebServer/yii-master/framework/web/CBaseController.php(126): require('/Library/WebSer...')
#12 /Library/WebServer/yii-master/framework/web/CBaseController.php(95): CBaseController->renderInternal('/Library/WebSer...', Array, true)
#13 /Library/WebServer/yii-master/framework/web/CController.php(869): CBaseController->renderFile('/Library/WebSer...', Array, true)
#14 /Library/WebServer/yii-master/framework/web/CController.php(782): CController->renderPartial('create', Array, true)
#15 /Library/WebServer/Documents/olive/protected/controllers/PublicationSeriesController.php(79): CController->render('create', Array)
#16 /Library/WebServer/yii-master/framework/web/actions/CInlineAction.php(49): PublicationSeriesController->actionCreate()
#17 /Library/WebServer/yii-master/framework/web/CController.php(308): CInlineAction->runWithParams(Array)
#18 /Library/WebServer/yii-master/framework/web/filters/CFilterChain.php(133): CController->runAction(Object(CInlineAction))
#19 /Library/WebServer/yii-master/framework/web/filters/CFilter.php(40): CFilterChain->run()
#20 /Library/WebServer/yii-master/framework/web/CController.php(1145): CFilter->filter(Object(CFilterChain))
#21 /Library/WebServer/yii-master/framework/web/filters/CInlineFilter.php(58): CController->filterAccessControl(Object(CFilterChain))
#22 /Library/WebServer/yii-master/framework/web/filters/CFilterChain.php(130): CInlineFilter->filter(Object(CFilterChain))
#23 /Library/WebServer/yii-master/framework/web/CController.php(291): CFilterChain->run()
#24 /Library/WebServer/yii-master/framework/web/CController.php(265): CController->runActionWithFilters(Object(CInlineAction), Array)
#25 /Library/WebServer/yii-master/framework/web/CWebApplication.php(282): CController->run('create')
#26 /Library/WebServer/yii-master/framework/web/CWebApplication.php(141): CWebApplication->runController('publicationSeri...')
#27 /Library/WebServer/yii-master/framework/base/CApplication.php(184): CWebApplication->processRequest()
#28 /Library/WebServer/Documents/olive/index.php(13): CApplication->run()
#29 {main}
REQUEST_URI=/olive/index.php?r=publicationSeries/create
HTTP_REFERER=http://localhost/olive/index.php?r=publicationSeries
---
2015/06/14 17:05:10 [error] [exception.CException] exception 'CException' with message 'Property "CNumberValidator.setOnEmpty" is not defined.' in /Library/WebServer/yii-master/framework/base/CComponent.php:173
Stack trace:
#0 /Library/WebServer/yii-master/framework/validators/CValidator.php(177): CComponent->__set('setOnEmpty', true)
#1 /Library/WebServer/yii-master/framework/base/CModel.php(287): CValidator::createValidator('numerical', Object(PublicationSeries), 'id', Array)
#2 /Library/WebServer/yii-master/framework/base/CModel.php(260): CModel->createValidators()
#3 /Library/WebServer/yii-master/framework/web/helpers/CHtml.php(2436): CModel->getValidators('id')
#4 /Library/WebServer/yii-master/framework/web/helpers/CHtml.php(1534): CHtml::activeInputField('text', Object(PublicationSeries), 'id', Array)
#5 /Library/WebServer/yii-master/framework/web/widgets/CActiveForm.php(792): CHtml::activeTextField(Object(PublicationSeries), 'id', Array)
#6 /Library/WebServer/Documents/olive/protected/views/publicationSeries/_search.php(16): CActiveForm->textField(Object(PublicationSeries), 'id')
#7 /Library/WebServer/yii-master/framework/web/CBaseController.php(126): require('/Library/WebSer...')
#8 /Library/WebServer/yii-master/framework/web/CBaseController.php(95): CBaseController->renderInternal('/Library/WebSer...', Array, true)
#9 /Library/WebServer/yii-master/framework/web/CController.php(869): CBaseController->renderFile('/Library/WebSer...', Array, true)
#10 /Library/WebServer/Documents/olive/protected/views/publicationSeries/admin.php(40): CController->renderPartial('_search', Array)
#11 /Library/WebServer/yii-master/framework/web/CBaseController.php(126): require('/Library/WebSer...')
#12 /Library/WebServer/yii-master/framework/web/CBaseController.php(95): CBaseController->renderInternal('/Library/WebSer...', Array, true)
#13 /Library/WebServer/yii-master/framework/web/CController.php(869): CBaseController->renderFile('/Library/WebSer...', Array, true)
#14 /Library/WebServer/yii-master/framework/web/CController.php(782): CController->renderPartial('admin', Array, true)
#15 /Library/WebServer/Documents/olive/protected/controllers/PublicationSeriesController.php(143): CController->render('admin', Array)
#16 /Library/WebServer/yii-master/framework/web/actions/CInlineAction.php(49): PublicationSeriesController->actionAdmin()
#17 /Library/WebServer/yii-master/framework/web/CController.php(308): CInlineAction->runWithParams(Array)
#18 /Library/WebServer/yii-master/framework/web/filters/CFilterChain.php(133): CController->runAction(Object(CInlineAction))
#19 /Library/WebServer/yii-master/framework/web/filters/CFilter.php(40): CFilterChain->run()
#20 /Library/WebServer/yii-master/framework/web/CController.php(1145): CFilter->filter(Object(CFilterChain))
#21 /Library/WebServer/yii-master/framework/web/filters/CInlineFilter.php(58): CController->filterAccessControl(Object(CFilterChain))
#22 /Library/WebServer/yii-master/framework/web/filters/CFilterChain.php(130): CInlineFilter->filter(Object(CFilterChain))
#23 /Library/WebServer/yii-master/framework/web/CController.php(291): CFilterChain->run()
#24 /Library/WebServer/yii-master/framework/web/CController.php(265): CController->runActionWithFilters(Object(CInlineAction), Array)
#25 /Library/WebServer/yii-master/framework/web/CWebApplication.php(282): CController->run('admin')
#26 /Library/WebServer/yii-master/framework/web/CWebApplication.php(141): CWebApplication->runController('publicationSeri...')
#27 /Library/WebServer/yii-master/framework/base/CApplication.php(184): CWebApplication->processRequest()
#28 /Library/WebServer/Documents/olive/index.php(13): CApplication->run()
#29 {main}
REQUEST_URI=/olive/index.php?r=publicationSeries/admin
HTTP_REFERER=http://localhost/olive/index.php?r=publicationSeries
---
2015/06/14 17:08:47 [error] [exception.CException] exception 'CException' with message 'Property "CNumberValidator.setOnEmpty" is not defined.' in /Library/WebServer/yii-master/framework/base/CComponent.php:173
Stack trace:
#0 /Library/WebServer/yii-master/framework/validators/CValidator.php(177): CComponent->__set('setOnEmpty', true)
#1 /Library/WebServer/yii-master/framework/base/CModel.php(287): CValidator::createValidator('numerical', Object(PublicationSeries), 'id', Array)
#2 /Library/WebServer/yii-master/framework/base/CModel.php(260): CModel->createValidators()
#3 /Library/WebServer/yii-master/framework/web/helpers/CHtml.php(2436): CModel->getValidators('id')
#4 /Library/WebServer/yii-master/framework/web/helpers/CHtml.php(1534): CHtml::activeInputField('text', Object(PublicationSeries), 'id', Array)
#5 /Library/WebServer/yii-master/framework/web/widgets/CActiveForm.php(792): CHtml::activeTextField(Object(PublicationSeries), 'id', Array)
#6 /Library/WebServer/Documents/olive/protected/views/publicationSeries/_search.php(16): CActiveForm->textField(Object(PublicationSeries), 'id')
#7 /Library/WebServer/yii-master/framework/web/CBaseController.php(126): require('/Library/WebSer...')
#8 /Library/WebServer/yii-master/framework/web/CBaseController.php(95): CBaseController->renderInternal('/Library/WebSer...', Array, true)
#9 /Library/WebServer/yii-master/framework/web/CController.php(869): CBaseController->renderFile('/Library/WebSer...', Array, true)
#10 /Library/WebServer/Documents/olive/protected/views/publicationSeries/admin.php(40): CController->renderPartial('_search', Array)
#11 /Library/WebServer/yii-master/framework/web/CBaseController.php(126): require('/Library/WebSer...')
#12 /Library/WebServer/yii-master/framework/web/CBaseController.php(95): CBaseController->renderInternal('/Library/WebSer...', Array, true)
#13 /Library/WebServer/yii-master/framework/web/CController.php(869): CBaseController->renderFile('/Library/WebSer...', Array, true)
#14 /Library/WebServer/yii-master/framework/web/CController.php(782): CController->renderPartial('admin', Array, true)
#15 /Library/WebServer/Documents/olive/protected/controllers/PublicationSeriesController.php(143): CController->render('admin', Array)
#16 /Library/WebServer/yii-master/framework/web/actions/CInlineAction.php(49): PublicationSeriesController->actionAdmin()
#17 /Library/WebServer/yii-master/framework/web/CController.php(308): CInlineAction->runWithParams(Array)
#18 /Library/WebServer/yii-master/framework/web/filters/CFilterChain.php(133): CController->runAction(Object(CInlineAction))
#19 /Library/WebServer/yii-master/framework/web/filters/CFilter.php(40): CFilterChain->run()
#20 /Library/WebServer/yii-master/framework/web/CController.php(1145): CFilter->filter(Object(CFilterChain))
#21 /Library/WebServer/yii-master/framework/web/filters/CInlineFilter.php(58): CController->filterAccessControl(Object(CFilterChain))
#22 /Library/WebServer/yii-master/framework/web/filters/CFilterChain.php(130): CInlineFilter->filter(Object(CFilterChain))
#23 /Library/WebServer/yii-master/framework/web/CController.php(291): CFilterChain->run()
#24 /Library/WebServer/yii-master/framework/web/CController.php(265): CController->runActionWithFilters(Object(CInlineAction), Array)
#25 /Library/WebServer/yii-master/framework/web/CWebApplication.php(282): CController->run('admin')
#26 /Library/WebServer/yii-master/framework/web/CWebApplication.php(141): CWebApplication->runController('publicationSeri...')
#27 /Library/WebServer/yii-master/framework/base/CApplication.php(184): CWebApplication->processRequest()
#28 /Library/WebServer/Documents/olive/index.php(13): CApplication->run()
#29 {main}
REQUEST_URI=/olive/index.php?r=publicationSeries/admin
HTTP_REFERER=http://localhost/olive/index.php?r=publicationSeries
---
2015/06/14 17:08:48 [error] [exception.CException] exception 'CException' with message 'Property "CNumberValidator.setOnEmpty" is not defined.' in /Library/WebServer/yii-master/framework/base/CComponent.php:173
Stack trace:
#0 /Library/WebServer/yii-master/framework/validators/CValidator.php(177): CComponent->__set('setOnEmpty', true)
#1 /Library/WebServer/yii-master/framework/base/CModel.php(287): CValidator::createValidator('numerical', Object(PublicationSeries), 'id', Array)
#2 /Library/WebServer/yii-master/framework/base/CModel.php(260): CModel->createValidators()
#3 /Library/WebServer/yii-master/framework/web/helpers/CHtml.php(2436): CModel->getValidators('id')
#4 /Library/WebServer/yii-master/framework/web/helpers/CHtml.php(1534): CHtml::activeInputField('text', Object(PublicationSeries), 'id', Array)
#5 /Library/WebServer/yii-master/framework/web/widgets/CActiveForm.php(792): CHtml::activeTextField(Object(PublicationSeries), 'id', Array)
#6 /Library/WebServer/Documents/olive/protected/views/publicationSeries/_search.php(16): CActiveForm->textField(Object(PublicationSeries), 'id')
#7 /Library/WebServer/yii-master/framework/web/CBaseController.php(126): require('/Library/WebSer...')
#8 /Library/WebServer/yii-master/framework/web/CBaseController.php(95): CBaseController->renderInternal('/Library/WebSer...', Array, true)
#9 /Library/WebServer/yii-master/framework/web/CController.php(869): CBaseController->renderFile('/Library/WebSer...', Array, true)
#10 /Library/WebServer/Documents/olive/protected/views/publicationSeries/admin.php(40): CController->renderPartial('_search', Array)
#11 /Library/WebServer/yii-master/framework/web/CBaseController.php(126): require('/Library/WebSer...')
#12 /Library/WebServer/yii-master/framework/web/CBaseController.php(95): CBaseController->renderInternal('/Library/WebSer...', Array, true)
#13 /Library/WebServer/yii-master/framework/web/CController.php(869): CBaseController->renderFile('/Library/WebSer...', Array, true)
#14 /Library/WebServer/yii-master/framework/web/CController.php(782): CController->renderPartial('admin', Array, true)
#15 /Library/WebServer/Documents/olive/protected/controllers/PublicationSeriesController.php(143): CController->render('admin', Array)
#16 /Library/WebServer/yii-master/framework/web/actions/CInlineAction.php(49): PublicationSeriesController->actionAdmin()
#17 /Library/WebServer/yii-master/framework/web/CController.php(308): CInlineAction->runWithParams(Array)
#18 /Library/WebServer/yii-master/framework/web/filters/CFilterChain.php(133): CController->runAction(Object(CInlineAction))
#19 /Library/WebServer/yii-master/framework/web/filters/CFilter.php(40): CFilterChain->run()
#20 /Library/WebServer/yii-master/framework/web/CController.php(1145): CFilter->filter(Object(CFilterChain))
#21 /Library/WebServer/yii-master/framework/web/filters/CInlineFilter.php(58): CController->filterAccessControl(Object(CFilterChain))
#22 /Library/WebServer/yii-master/framework/web/filters/CFilterChain.php(130): CInlineFilter->filter(Object(CFilterChain))
#23 /Library/WebServer/yii-master/framework/web/CController.php(291): CFilterChain->run()
#24 /Library/WebServer/yii-master/framework/web/CController.php(265): CController->runActionWithFilters(Object(CInlineAction), Array)
#25 /Library/WebServer/yii-master/framework/web/CWebApplication.php(282): CController->run('admin')
#26 /Library/WebServer/yii-master/framework/web/CWebApplication.php(141): CWebApplication->runController('publicationSeri...')
#27 /Library/WebServer/yii-master/framework/base/CApplication.php(184): CWebApplication->processRequest()
#28 /Library/WebServer/Documents/olive/index.php(13): CApplication->run()
#29 {main}
REQUEST_URI=/olive/index.php?r=publicationSeries/admin
HTTP_REFERER=http://localhost/olive/index.php?r=publicationSeries
---
2015/06/14 17:09:18 [error] [exception.CException] exception 'CException' with message 'Property "CNumberValidator.setOnEmpty" is not defined.' in /Library/WebServer/yii-master/framework/base/CComponent.php:173
Stack trace:
#0 /Library/WebServer/yii-master/framework/validators/CValidator.php(177): CComponent->__set('setOnEmpty', true)
#1 /Library/WebServer/yii-master/framework/base/CModel.php(287): CValidator::createValidator('numerical', Object(PublicationSeries), 'id', Array)
#2 /Library/WebServer/yii-master/framework/base/CModel.php(260): CModel->createValidators()
#3 /Library/WebServer/yii-master/framework/web/helpers/CHtml.php(2436): CModel->getValidators('id')
#4 /Library/WebServer/yii-master/framework/web/helpers/CHtml.php(1534): CHtml::activeInputField('text', Object(PublicationSeries), 'id', Array)
#5 /Library/WebServer/yii-master/framework/web/widgets/CActiveForm.php(792): CHtml::activeTextField(Object(PublicationSeries), 'id', Array)
#6 /Library/WebServer/Documents/olive/protected/views/publicationSeries/_search.php(16): CActiveForm->textField(Object(PublicationSeries), 'id')
#7 /Library/WebServer/yii-master/framework/web/CBaseController.php(126): require('/Library/WebSer...')
#8 /Library/WebServer/yii-master/framework/web/CBaseController.php(95): CBaseController->renderInternal('/Library/WebSer...', Array, true)
#9 /Library/WebServer/yii-master/framework/web/CController.php(869): CBaseController->renderFile('/Library/WebSer...', Array, true)
#10 /Library/WebServer/Documents/olive/protected/views/publicationSeries/admin.php(40): CController->renderPartial('_search', Array)
#11 /Library/WebServer/yii-master/framework/web/CBaseController.php(126): require('/Library/WebSer...')
#12 /Library/WebServer/yii-master/framework/web/CBaseController.php(95): CBaseController->renderInternal('/Library/WebSer...', Array, true)
#13 /Library/WebServer/yii-master/framework/web/CController.php(869): CBaseController->renderFile('/Library/WebSer...', Array, true)
#14 /Library/WebServer/yii-master/framework/web/CController.php(782): CController->renderPartial('admin', Array, true)
#15 /Library/WebServer/Documents/olive/protected/controllers/PublicationSeriesController.php(143): CController->render('admin', Array)
#16 /Library/WebServer/yii-master/framework/web/actions/CInlineAction.php(49): PublicationSeriesController->actionAdmin()
#17 /Library/WebServer/yii-master/framework/web/CController.php(308): CInlineAction->runWithParams(Array)
#18 /Library/WebServer/yii-master/framework/web/filters/CFilterChain.php(133): CController->runAction(Object(CInlineAction))
#19 /Library/WebServer/yii-master/framework/web/filters/CFilter.php(40): CFilterChain->run()
#20 /Library/WebServer/yii-master/framework/web/CController.php(1145): CFilter->filter(Object(CFilterChain))
#21 /Library/WebServer/yii-master/framework/web/filters/CInlineFilter.php(58): CController->filterAccessControl(Object(CFilterChain))
#22 /Library/WebServer/yii-master/framework/web/filters/CFilterChain.php(130): CInlineFilter->filter(Object(CFilterChain))
#23 /Library/WebServer/yii-master/framework/web/CController.php(291): CFilterChain->run()
#24 /Library/WebServer/yii-master/framework/web/CController.php(265): CController->runActionWithFilters(Object(CInlineAction), Array)
#25 /Library/WebServer/yii-master/framework/web/CWebApplication.php(282): CController->run('admin')
#26 /Library/WebServer/yii-master/framework/web/CWebApplication.php(141): CWebApplication->runController('publicationSeri...')
#27 /Library/WebServer/yii-master/framework/base/CApplication.php(184): CWebApplication->processRequest()
#28 /Library/WebServer/Documents/olive/index.php(13): CApplication->run()
#29 {main}
REQUEST_URI=/olive/index.php?r=publicationSeries/admin
HTTP_REFERER=http://localhost/olive/index.php?r=publicationSeries
---
2015/06/14 17:09:52 [error] [exception.CException] exception 'CException' with message 'Property "CNumberValidator.setOnEmpty" is not defined.' in /Library/WebServer/yii-master/framework/base/CComponent.php:173
Stack trace:
#0 /Library/WebServer/yii-master/framework/validators/CValidator.php(177): CComponent->__set('setOnEmpty', true)
#1 /Library/WebServer/yii-master/framework/base/CModel.php(287): CValidator::createValidator('numerical', Object(PublicationSeries), 'id', Array)
#2 /Library/WebServer/yii-master/framework/base/CModel.php(260): CModel->createValidators()
#3 /Library/WebServer/yii-master/framework/base/CModel.php(304): CModel->getValidators('id')
#4 /Library/WebServer/yii-master/framework/web/helpers/CHtml.php(1514): CModel->isAttributeRequired('id')
#5 /Library/WebServer/yii-master/framework/web/widgets/CActiveForm.php(600): CHtml::activeLabelEx(Object(PublicationSeries), 'id', Array)
#6 /Library/WebServer/Documents/olive/protected/views/publicationSeries/_form.php(23): CActiveForm->labelEx(Object(PublicationSeries), 'id')
#7 /Library/WebServer/yii-master/framework/web/CBaseController.php(126): require('/Library/WebSer...')
#8 /Library/WebServer/yii-master/framework/web/CBaseController.php(95): CBaseController->renderInternal('/Library/WebSer...', Array, true)
#9 /Library/WebServer/yii-master/framework/web/CController.php(869): CBaseController->renderFile('/Library/WebSer...', Array, true)
#10 /Library/WebServer/Documents/olive/protected/views/publicationSeries/create.php(18): CController->renderPartial('_form', Array)
#11 /Library/WebServer/yii-master/framework/web/CBaseController.php(126): require('/Library/WebSer...')
#12 /Library/WebServer/yii-master/framework/web/CBaseController.php(95): CBaseController->renderInternal('/Library/WebSer...', Array, true)
#13 /Library/WebServer/yii-master/framework/web/CController.php(869): CBaseController->renderFile('/Library/WebSer...', Array, true)
#14 /Library/WebServer/yii-master/framework/web/CController.php(782): CController->renderPartial('create', Array, true)
#15 /Library/WebServer/Documents/olive/protected/controllers/PublicationSeriesController.php(79): CController->render('create', Array)
#16 /Library/WebServer/yii-master/framework/web/actions/CInlineAction.php(49): PublicationSeriesController->actionCreate()
#17 /Library/WebServer/yii-master/framework/web/CController.php(308): CInlineAction->runWithParams(Array)
#18 /Library/WebServer/yii-master/framework/web/filters/CFilterChain.php(133): CController->runAction(Object(CInlineAction))
#19 /Library/WebServer/yii-master/framework/web/filters/CFilter.php(40): CFilterChain->run()
#20 /Library/WebServer/yii-master/framework/web/CController.php(1145): CFilter->filter(Object(CFilterChain))
#21 /Library/WebServer/yii-master/framework/web/filters/CInlineFilter.php(58): CController->filterAccessControl(Object(CFilterChain))
#22 /Library/WebServer/yii-master/framework/web/filters/CFilterChain.php(130): CInlineFilter->filter(Object(CFilterChain))
#23 /Library/WebServer/yii-master/framework/web/CController.php(291): CFilterChain->run()
#24 /Library/WebServer/yii-master/framework/web/CController.php(265): CController->runActionWithFilters(Object(CInlineAction), Array)
#25 /Library/WebServer/yii-master/framework/web/CWebApplication.php(282): CController->run('create')
#26 /Library/WebServer/yii-master/framework/web/CWebApplication.php(141): CWebApplication->runController('publicationSeri...')
#27 /Library/WebServer/yii-master/framework/base/CApplication.php(184): CWebApplication->processRequest()
#28 /Library/WebServer/Documents/olive/index.php(13): CApplication->run()
#29 {main}
REQUEST_URI=/olive/index.php?r=publicationSeries/create
---
2015/06/14 17:39:37 [warning] [application] Failed to set unsafe attribute "description_en" of "Articles".
in /Library/WebServer/Documents/olive/protected/controllers/ArticlesController.php (72)
in /Library/WebServer/Documents/olive/index.php (13)
2015/06/14 17:39:37 [error] [system.db.CDbCommand] CDbCommand::execute() failed: SQLSTATE[HY000]: General error: 1364 Field 'description_en' doesn't have a default value. The SQL statement executed was: INSERT INTO `articles` (`site_id`, `title`, `title_en`, `subtitle`, `subtitle_en`, `description`, `publicdate`, `active`) VALUES (:yp0, :yp1, :yp2, :yp3, :yp4, :yp5, :yp6, :yp7).
in /Library/WebServer/Documents/olive/protected/controllers/ArticlesController.php (73)
in /Library/WebServer/Documents/olive/index.php (13)
2015/06/14 17:39:37 [error] [exception.CDbException] exception 'CDbException' with message 'CDbCommand failed to execute the SQL statement: SQLSTATE[HY000]: General error: 1364 Field 'description_en' doesn't have a default value. The SQL statement executed was: INSERT INTO `articles` (`site_id`, `title`, `title_en`, `subtitle`, `subtitle_en`, `description`, `publicdate`, `active`) VALUES (:yp0, :yp1, :yp2, :yp3, :yp4, :yp5, :yp6, :yp7)' in /Library/WebServer/yii-master/framework/db/CDbCommand.php:358
Stack trace:
#0 /Library/WebServer/yii-master/framework/db/ar/CActiveRecord.php(1080): CDbCommand->execute()
#1 /Library/WebServer/yii-master/framework/db/ar/CActiveRecord.php(809): CActiveRecord->insert(NULL)
#2 /Library/WebServer/Documents/olive/protected/controllers/ArticlesController.php(73): CActiveRecord->save()
#3 /Library/WebServer/yii-master/framework/web/actions/CInlineAction.php(49): ArticlesController->actionCreate()
#4 /Library/WebServer/yii-master/framework/web/CController.php(308): CInlineAction->runWithParams(Array)
#5 /Library/WebServer/yii-master/framework/web/filters/CFilterChain.php(133): CController->runAction(Object(CInlineAction))
#6 /Library/WebServer/yii-master/framework/web/filters/CFilter.php(40): CFilterChain->run()
#7 /Library/WebServer/yii-master/framework/web/CController.php(1145): CFilter->filter(Object(CFilterChain))
#8 /Library/WebServer/yii-master/framework/web/filters/CInlineFilter.php(58): CController->filterAccessControl(Object(CFilterChain))
#9 /Library/WebServer/yii-master/framework/web/filters/CFilterChain.php(130): CInlineFilter->filter(Object(CFilterChain))
#10 /Library/WebServer/yii-master/framework/web/CController.php(291): CFilterChain->run()
#11 /Library/WebServer/yii-master/framework/web/CController.php(265): CController->runActionWithFilters(Object(CInlineAction), Array)
#12 /Library/WebServer/yii-master/framework/web/CWebApplication.php(282): CController->run('create')
#13 /Library/WebServer/yii-master/framework/web/CWebApplication.php(141): CWebApplication->runController('articles/create')
#14 /Library/WebServer/yii-master/framework/base/CApplication.php(184): CWebApplication->processRequest()
#15 /Library/WebServer/Documents/olive/index.php(13): CApplication->run()
#16 {main}
REQUEST_URI=/olive/index.php?r=articles/create
HTTP_REFERER=http://localhost/olive/index.php?r=articles/create
---
2015/06/14 17:52:43 [warning] [application] Failed to set unsafe attribute "description_en" of "Articles".
in /Library/WebServer/Documents/olive/protected/controllers/ArticlesController.php (72)
in /Library/WebServer/Documents/olive/index.php (13)
2015/06/14 17:53:04 [warning] [application] Failed to set unsafe attribute "description_en" of "Articles".
in /Library/WebServer/Documents/olive/protected/controllers/ArticlesController.php (72)
in /Library/WebServer/Documents/olive/index.php (13)
2015/06/14 21:15:20 [warning] [application] Failed to set unsafe attribute "description_en" of "Articles".
in /Library/WebServer/Documents/olive/protected/controllers/ArticlesController.php (96)
in /Library/WebServer/Documents/olive/index.php (13)
